TN:
SF:src/modules/infra/typeorm/repositories/FormRepository.ts
FN:10,FormRepository
FN:14,Object.<anonymous>.FormRepository.getAll
FN:18,Object.<anonymous>.FormRepository.create
FN:26,Object.<anonymous>.FormRepository.findByCpf
FNF:4
FNH:0
FNDA:0,FormRepository
FNDA:0,Object.<anonymous>.FormRepository.getAll
FNDA:0,Object.<anonymous>.FormRepository.create
FNDA:0,Object.<anonymous>.FormRepository.findByCpf
DA:1,1
DA:2,1
DA:3,1
DA:4,1
DA:5,1
DA:6,1
DA:7,1
DA:8,1
DA:9,1
DA:10,1
DA:11,0
DA:12,0
DA:13,1
DA:14,1
DA:15,0
DA:16,0
DA:17,1
DA:18,1
DA:19,0
DA:20,0
DA:21,0
DA:22,0
DA:23,0
DA:24,0
DA:25,1
DA:26,1
DA:27,0
DA:28,0
DA:29,1
LF:29
LH:17
BRDA:7,0,0,1
BRF:1
BRH:1
end_of_record
TN:
SF:src/modules/services/CreateNewFromsService.ts
FN:19,CreateNewFromsService
FN:24,Object.<anonymous>.CreateNewFromsService.execute
FNF:2
FNH:2
FNDA:3,CreateNewFromsService
FNDA:3,Object.<anonymous>.CreateNewFromsService.execute
DA:1,1
DA:2,1
DA:3,1
DA:4,1
DA:5,1
DA:6,1
DA:7,1
DA:8,1
DA:9,1
DA:10,1
DA:11,1
DA:12,1
DA:13,1
DA:14,1
DA:15,1
DA:16,1
DA:17,1
DA:18,1
DA:19,1
DA:20,3
DA:21,3
DA:22,3
DA:23,1
DA:24,1
DA:25,3
DA:26,3
DA:27,3
DA:28,1
DA:29,1
DA:30,2
DA:31,3
DA:32,1
DA:33,1
DA:34,1
DA:35,1
DA:36,1
DA:37,1
DA:38,1
DA:39,3
DA:40,3
DA:41,3
DA:42,1
LF:42
LH:42
BRDA:18,0,0,1
BRDA:19,1,0,3
BRDA:24,2,0,3
BRDA:25,3,0,3
BRDA:27,4,0,1
BRDA:30,5,0,2
BRDA:31,6,0,1
BRF:7
BRH:7
end_of_record
TN:
SF:src/modules/services/ListAllFormsCreatedService.ts
FN:1,(empty-report)
FNF:1
FNH:0
FNDA:0,(empty-report)
DA:1,0
DA:2,0
DA:3,0
DA:4,0
DA:5,0
DA:6,0
DA:7,0
DA:8,0
DA:9,0
DA:10,0
DA:11,0
DA:12,0
DA:13,0
DA:14,0
DA:15,0
DA:16,0
DA:17,0
LF:17
LH:0
BRDA:1,0,0,0
BRF:1
BRH:0
end_of_record
